[0m11:10:38.277482 [debug] [MainThread]: Sending event: {'category': 'dbt', 'action': 'invocation', 'label': 'start', 'context': [<snowplow_tracker.self_describing_json.SelfDescribingJson object at 0x00000213A09DCFA0>, <snowplow_tracker.self_describing_json.SelfDescribingJson object at 0x00000213A33CD330>, <snowplow_tracker.self_describing_json.SelfDescribingJson object at 0x00000213A33CD0C0>]}


============================== 11:10:38.282591 | 03150381-d315-481f-a799-f85899f9fd64 ==============================
[0m11:10:38.282591 [info ] [MainThread]: Running with dbt=1.7.9
[0m11:10:38.284096 [debug] [MainThread]: running dbt with arguments {'printer_width': '80', 'indirect_selection': 'eager', 'log_cache_events': 'False', 'write_json': 'True', 'partial_parse': 'True', 'cache_selected_only': 'False', 'profiles_dir': 'C:\\Users\\Asus\\.dbt', 'version_check': 'True', 'debug': 'False', 'log_path': 'logs', 'fail_fast': 'False', 'warn_error': 'None', 'use_colors': 'True', 'use_experimental_parser': 'False', 'no_print': 'None', 'quiet': 'False', 'warn_error_options': 'WarnErrorOptions(include=[], exclude=[])', 'invocation_command': 'dbt init', 'introspect': 'True', 'log_format': 'default', 'target_path': 'None', 'static_parser': 'True', 'send_anonymous_usage_stats': 'True'}
[0m11:11:35.384119 [debug] [MainThread]: Starter project path: C:\Users\Asus\AppData\Local\Programs\Python\Python310\lib\site-packages\dbt\include\starter_project
[0m11:11:35.452953 [info ] [MainThread]: 
Your new dbt project "Final_Project" was created!

For more information on how to configure the profiles.yml file,
please consult the dbt documentation here:

  https://docs.getdbt.com/docs/configure-your-profile

One more thing:

Need help? Don't hesitate to reach out to us via GitHub issues or on Slack:

  https://community.getdbt.com/

Happy modeling!

[0m11:11:35.455140 [info ] [MainThread]: Setting up your profile.
[0m11:23:51.482824 [info ] [MainThread]: Profile Final_Project written to C:\Users\Asus\.dbt\profiles.yml using target's profile_template.yml and your supplied values. Run 'dbt debug' to validate the connection.
[0m11:23:51.486346 [debug] [MainThread]: Command `dbt init` succeeded at 11:23:51.486346 after 793.23 seconds
[0m11:23:51.488355 [debug] [MainThread]: Sending event: {'category': 'dbt', 'action': 'invocation', 'label': 'end', 'context': [<snowplow_tracker.self_describing_json.SelfDescribingJson object at 0x00000213A09DCFA0>, <snowplow_tracker.self_describing_json.SelfDescribingJson object at 0x000002139C8EEA40>, <snowplow_tracker.self_describing_json.SelfDescribingJson object at 0x00000213A33CE0B0>]}
[0m11:23:51.489353 [debug] [MainThread]: Flushing usage events
[0m11:29:15.545339 [debug] [MainThread]: Sending event: {'category': 'dbt', 'action': 'invocation', 'label': 'start', 'context': [<snowplow_tracker.self_describing_json.SelfDescribingJson object at 0x000001BFA099CFA0>, <snowplow_tracker.self_describing_json.SelfDescribingJson object at 0x000001BFA34128C0>, <snowplow_tracker.self_describing_json.SelfDescribingJson object at 0x000001BFA3412650>]}


============================== 11:29:15.550335 | 28b49fc2-55d5-4129-8060-343a6a78e396 ==============================
[0m11:29:15.550335 [info ] [MainThread]: Running with dbt=1.7.9
[0m11:29:15.551335 [debug] [MainThread]: running dbt with arguments {'printer_width': '80', 'indirect_selection': 'eager', 'write_json': 'True', 'log_cache_events': 'False', 'partial_parse': 'True', 'cache_selected_only': 'False', 'profiles_dir': 'C:\\Users\\Asus\\.dbt', 'debug': 'False', 'fail_fast': 'False', 'log_path': 'logs', 'version_check': 'True', 'warn_error': 'None', 'use_colors': 'True', 'use_experimental_parser': 'False', 'no_print': 'None', 'quiet': 'False', 'log_format': 'default', 'static_parser': 'True', 'introspect': 'True', 'invocation_command': 'dbt debug', 'target_path': 'None', 'warn_error_options': 'WarnErrorOptions(include=[], exclude=[])', 'send_anonymous_usage_stats': 'True'}
[0m11:29:15.552336 [info ] [MainThread]: dbt version: 1.7.9
[0m11:29:15.553339 [info ] [MainThread]: python version: 3.10.6
[0m11:29:15.554335 [info ] [MainThread]: python path: C:\Users\Asus\AppData\Local\Programs\Python\Python310\python.exe
[0m11:29:15.554335 [info ] [MainThread]: os info: Windows-10-10.0.22631-SP0
[0m11:29:16.530158 [info ] [MainThread]: Using profiles dir at C:\Users\Asus\.dbt
[0m11:29:16.531144 [info ] [MainThread]: Using profiles.yml file at C:\Users\Asus\.dbt\profiles.yml
[0m11:29:16.533137 [info ] [MainThread]: Using dbt_project.yml file at C:\FinalProject\DBT\dbt_project.yml
[0m11:29:16.535134 [info ] [MainThread]: adapter type: snowflake
[0m11:29:16.536135 [info ] [MainThread]: adapter version: 1.7.3
[0m11:29:16.538134 [info ] [MainThread]: Configuration:
[0m11:29:16.539135 [info ] [MainThread]:   profiles.yml file [[32mOK found and valid[0m]
[0m11:29:16.540139 [info ] [MainThread]:   dbt_project.yml file [[31mERROR not found[0m]
[0m11:29:16.541139 [info ] [MainThread]: Required dependencies:
[0m11:29:16.541139 [debug] [MainThread]: Executing "git --help"
[0m11:29:16.582141 [debug] [MainThread]: STDOUT: "b"usage: git [-v | --version] [-h | --help] [-C <path>] [-c <name>=<value>]\n           [--exec-path[=<path>]] [--html-path] [--man-path] [--info-path]\n           [-p | --paginate | -P | --no-pager] [--no-replace-objects] [--bare]\n           [--git-dir=<path>] [--work-tree=<path>] [--namespace=<name>]\n           [--config-env=<name>=<envvar>] <command> [<args>]\n\nThese are common Git commands used in various situations:\n\nstart a working area (see also: git help tutorial)\n   clone     Clone a repository into a new directory\n   init      Create an empty Git repository or reinitialize an existing one\n\nwork on the current change (see also: git help everyday)\n   add       Add file contents to the index\n   mv        Move or rename a file, a directory, or a symlink\n   restore   Restore working tree files\n   rm        Remove files from the working tree and from the index\n\nexamine the history and state (see also: git help revisions)\n   bisect    Use binary search to find the commit that introduced a bug\n   diff      Show changes between commits, commit and working tree, etc\n   grep      Print lines matching a pattern\n   log       Show commit logs\n   show      Show various types of objects\n   status    Show the working tree status\n\ngrow, mark and tweak your common history\n   branch    List, create, or delete branches\n   commit    Record changes to the repository\n   merge     Join two or more development histories together\n   rebase    Reapply commits on top of another base tip\n   reset     Reset current HEAD to the specified state\n   switch    Switch branches\n   tag       Create, list, delete or verify a tag object signed with GPG\n\ncollaborate (see also: git help workflows)\n   fetch     Download objects and refs from another repository\n   pull      Fetch from and integrate with another repository or a local branch\n   push      Update remote refs along with associated objects\n\n'git help -a' and 'git help -g' list available subcommands and some\nconcept guides. See 'git help <command>' or 'git help <concept>'\nto read about a specific subcommand or concept.\nSee 'git help git' for an overview of the system.\n""
[0m11:29:16.583143 [debug] [MainThread]: STDERR: "b''"
[0m11:29:16.583143 [info ] [MainThread]:  - git [[32mOK found[0m]

[0m11:29:16.584142 [info ] [MainThread]: Connection:
[0m11:29:16.585143 [info ] [MainThread]:   account: uw04501.central-india.azure
[0m11:29:16.587141 [info ] [MainThread]:   user: RAJIB5
[0m11:29:16.587141 [info ] [MainThread]:   database: FINALPROJECT
[0m11:29:16.588648 [info ] [MainThread]:   warehouse: COMPUTE_WH
[0m11:29:16.590659 [info ] [MainThread]:   role: ACCOUNTADMIN
[0m11:29:16.592661 [info ] [MainThread]:   schema: Public
[0m11:29:16.593658 [info ] [MainThread]:   authenticator: None
[0m11:29:16.593658 [info ] [MainThread]:   oauth_client_id: None
[0m11:29:16.594657 [info ] [MainThread]:   query_tag: None
[0m11:29:16.595660 [info ] [MainThread]:   client_session_keep_alive: False
[0m11:29:16.596657 [info ] [MainThread]:   host: None
[0m11:29:16.596657 [info ] [MainThread]:   port: None
[0m11:29:16.597655 [info ] [MainThread]:   proxy_host: None
[0m11:29:16.598657 [info ] [MainThread]:   proxy_port: None
[0m11:29:16.598657 [info ] [MainThread]:   protocol: None
[0m11:29:16.599657 [info ] [MainThread]:   connect_retries: 1
[0m11:29:16.600658 [info ] [MainThread]:   connect_timeout: None
[0m11:29:16.601656 [info ] [MainThread]:   retry_on_database_errors: False
[0m11:29:16.602657 [info ] [MainThread]:   retry_all: False
[0m11:29:16.602657 [info ] [MainThread]:   insecure_mode: False
[0m11:29:16.603656 [info ] [MainThread]:   reuse_connections: None
[0m11:29:16.604655 [info ] [MainThread]: Registered adapter: snowflake=1.7.3
[0m11:29:16.606658 [debug] [MainThread]: Acquiring new snowflake connection 'debug'
[0m11:29:16.607662 [debug] [MainThread]: Using snowflake connection "debug"
[0m11:29:16.608658 [debug] [MainThread]: On debug: select 1 as id
[0m11:29:16.609658 [debug] [MainThread]: Opening a new connection, currently in state init
[0m11:29:17.620535 [debug] [MainThread]: SQL status: SUCCESS 1 in 1.0 seconds
[0m11:29:17.622519 [debug] [MainThread]: On debug: Close
[0m11:29:17.702841 [info ] [MainThread]:   Connection test: [[32mOK connection ok[0m]

[0m11:29:17.703841 [info ] [MainThread]: [31m1 check failed:[0m
[0m11:29:17.704841 [info ] [MainThread]: Project loading failed for the following reason:
 project path <C:\FinalProject\DBT\dbt_project.yml> not found

[0m11:29:17.706847 [debug] [MainThread]: Command `dbt debug` failed at 11:29:17.706847 after 2.26 seconds
[0m11:29:17.707844 [debug] [MainThread]: Connection 'debug' was properly closed.
[0m11:29:17.708849 [debug] [MainThread]: Sending event: {'category': 'dbt', 'action': 'invocation', 'label': 'end', 'context': [<snowplow_tracker.self_describing_json.SelfDescribingJson object at 0x000001BFA099CFA0>, <snowplow_tracker.self_describing_json.SelfDescribingJson object at 0x000001BFB39A5600>, <snowplow_tracker.self_describing_json.SelfDescribingJson object at 0x000001BFB39A4F40>]}
[0m11:29:17.709844 [debug] [MainThread]: Flushing usage events
[0m23:12:50.056594 [debug] [MainThread]: Sending event: {'category': 'dbt', 'action': 'invocation', 'label': 'start', 'context': [<snowplow_tracker.self_describing_json.SelfDescribingJson object at 0x000002584FD7D000>, <snowplow_tracker.self_describing_json.SelfDescribingJson object at 0x00000258527EE9B0>, <snowplow_tracker.self_describing_json.SelfDescribingJson object at 0x00000258527EE7D0>]}


============================== 23:12:50.061105 | 289320d4-6af6-4e79-94fb-d3dc98caa98e ==============================
[0m23:12:50.061105 [info ] [MainThread]: Running with dbt=1.7.9
[0m23:12:50.063450 [debug] [MainThread]: running dbt with arguments {'printer_width': '80', 'indirect_selection': 'eager', 'log_cache_events': 'False', 'write_json': 'True', 'partial_parse': 'True', 'cache_selected_only': 'False', 'profiles_dir': 'C:\\Users\\Asus\\.dbt', 'debug': 'False', 'fail_fast': 'False', 'log_path': 'logs', 'version_check': 'True', 'warn_error': 'None', 'use_colors': 'True', 'use_experimental_parser': 'False', 'no_print': 'None', 'quiet': 'False', 'warn_error_options': 'WarnErrorOptions(include=[], exclude=[])', 'invocation_command': 'dbt run', 'introspect': 'True', 'log_format': 'default', 'target_path': 'None', 'static_parser': 'True', 'send_anonymous_usage_stats': 'True'}
[0m23:12:50.064462 [error] [MainThread]: Encountered an error:
Runtime Error
  No dbt_project.yml found at expected path C:\FinalProject\DBT\dbt_project.yml
  Verify that each entry within packages.yml (and their transitive dependencies) contains a file named dbt_project.yml
  
[0m23:12:50.066460 [debug] [MainThread]: Command `dbt run` failed at 23:12:50.066460 after 0.16 seconds
[0m23:12:50.067460 [debug] [MainThread]: Sending event: {'category': 'dbt', 'action': 'invocation', 'label': 'end', 'context': [<snowplow_tracker.self_describing_json.SelfDescribingJson object at 0x000002584FD7D000>, <snowplow_tracker.self_describing_json.SelfDescribingJson object at 0x00000258527EE950>, <snowplow_tracker.self_describing_json.SelfDescribingJson object at 0x00000258527EEA40>]}
[0m23:12:50.068461 [debug] [MainThread]: Flushing usage events
